<?xml version="1.0" encoding="UTF-8"?>
<!-- Generated by org.testng.reporters.JUnitXMLReporter -->
<testsuite ignored="0" hostname="Abhi2" failures="0" tests="3" name="Test" time="32.971" errors="0" timestamp="2024-11-06T17:26:41 IST">
  <testcase classname="Selenium.JenkinsTestNg.DemoLoginOrangeHRM" name="DemoTC01" time="0.007"/>
  <testcase classname="Selenium.JenkinsTestNg.DemoLoginOrangeHRM" name="DemoTC02" time="0.001"/>
  <testcase classname="Selenium.JenkinsTestNg.DemoLoginOrangeHRM" name="demoLogin" time="4.311"/>
</testsuite> <!-- Test -->
